[0.013s] Invoking command in '/home/pietro/Scrivania/TESI/ROS2/MoCap/Ros2MoCap/build/mocap': CMAKE_PREFIX_PATH=/opt/ros/foxy /usr/bin/cmake --build /home/pietro/Scrivania/TESI/ROS2/MoCap/Ros2MoCap/build/mocap -- -j8 -l8
[0.046s] [35m[1mScanning dependencies of target mocap[0m
[0.057s] [ 50%] [32mBuilding CXX object CMakeFiles/mocap.dir/src/MoCapNatNetClient.cpp.o[0m
[0.057s] [ 50%] [32mBuilding CXX object CMakeFiles/mocap.dir/src/MoCap.cpp.o[0m
[0.068s] [01m[K/home/pietro/Scrivania/TESI/ROS2/MoCap/Ros2MoCap/src/mocap/src/MoCap.cpp:8:10:[m[K [01;31m[Kfatal error: [m[Kconio.h: No such file or directory
[0.068s]     8 | #include [01;31m[K<conio.h>[m[K
[0.068s]       |          [01;31m[K^~~~~~~~~[m[K
[0.068s] compilation terminated.
[0.068s] make[2]: *** [CMakeFiles/mocap.dir/build.make:63: CMakeFiles/mocap.dir/src/MoCap.cpp.o] Error 1
[0.069s] make[2]: *** Waiting for unfinished jobs....
[0.216s] [01m[K/home/pietro/Scrivania/TESI/ROS2/MoCap/Ros2MoCap/src/mocap/src/MoCapNatNetClient.cpp:[m[K In function â€˜[01m[Kvoid dataFrameHandler(sFrameOfMocapData*, void*)[m[Kâ€™:
[0.216s] [01m[K/home/pietro/Scrivania/TESI/ROS2/MoCap/Ros2MoCap/src/mocap/src/MoCapNatNetClient.cpp:116:58:[m[K [01;35m[Kwarning: [m[Kunused parameter â€˜[01m[Kdata[m[Kâ€™ [[01;35m[K-Wunused-parameter[m[K]
[0.216s]   116 | void NATNET_CALLCONV dataFrameHandler([01;35m[KsFrameOfMocapData* data[m[K, void* pUserData)
[0.216s]       |                                       [01;35m[K~~~~~~~~~~~~~~~~~~~^~~~[m[K
[0.216s] [01m[K/home/pietro/Scrivania/TESI/ROS2/MoCap/Ros2MoCap/src/mocap/src/MoCapNatNetClient.cpp:116:70:[m[K [01;35m[Kwarning: [m[Kunused parameter â€˜[01m[KpUserData[m[Kâ€™ [[01;35m[K-Wunused-parameter[m[K]
[0.216s]   116 | void NATNET_CALLCONV dataFrameHandler(sFrameOfMocapData* data, [01;35m[Kvoid* pUserData[m[K)
[0.216s]       |                                                                [01;35m[K~~~~~~^~~~~~~~~[m[K
[0.217s] [01m[K/home/pietro/Scrivania/TESI/ROS2/MoCap/Ros2MoCap/src/mocap/src/MoCapNatNetClient.cpp:[m[K In member function â€˜[01m[Kvoid MoCapNatNetClient::getDataDescription()[m[Kâ€™:
[0.217s] [01m[K/home/pietro/Scrivania/TESI/ROS2/MoCap/Ros2MoCap/src/mocap/src/MoCapNatNetClient.cpp:125:6:[m[K [01;35m[Kwarning: [m[Kunused variable â€˜[01m[KretCode[m[Kâ€™ [[01;35m[K-Wunused-variable[m[K]
[0.217s]   125 |  int [01;35m[KretCode[m[K;
[0.217s]       |      [01;35m[K^~~~~~~[m[K
[0.263s] make[1]: *** [CMakeFiles/Makefile2:78: CMakeFiles/mocap.dir/all] Error 2
[0.263s] make: *** [Makefile:141: all] Error 2
[0.266s] Invoked command in '/home/pietro/Scrivania/TESI/ROS2/MoCap/Ros2MoCap/build/mocap' returned '2': CMAKE_PREFIX_PATH=/opt/ros/foxy /usr/bin/cmake --build /home/pietro/Scrivania/TESI/ROS2/MoCap/Ros2MoCap/build/mocap -- -j8 -l8
