[0.013s] Invoking command in '/home/pietro/Scrivania/TESI/ROS2/MoCap/Ros2MoCap/build/mocap': CMAKE_PREFIX_PATH=/opt/ros/foxy /usr/bin/cmake --build /home/pietro/Scrivania/TESI/ROS2/MoCap/Ros2MoCap/build/mocap -- -j8 -l8
[0.041s] [35m[1mScanning dependencies of target mocap[0m
[0.050s] [ 66%] [32mBuilding CXX object CMakeFiles/mocap.dir/src/MoCap.cpp.o[0m
[0.050s] [ 66%] [32mBuilding CXX object CMakeFiles/mocap.dir/src/MoCapNatNetClient.cpp.o[0m
[0.121s] In file included from [01m[K/home/pietro/Scrivania/TESI/ROS2/MoCap/Ros2MoCap/src/mocap/src/MoCap.cpp:2[m[K:
[0.121s] [01m[K/home/pietro/Scrivania/TESI/ROS2/MoCap/Ros2MoCap/src/mocap/include/MoCap/MoCap.h:18:31:[m[K [01;31m[Kerror: [m[Kâ€˜[01m[KsRigidBodyData[m[Kâ€™ has not been declared
[0.121s]    18 |     void sendRigidBodyMessage([01;31m[KsRigidBodyData[m[K* bodies, int nRigidBodies);
[0.122s]       |                               [01;31m[K^~~~~~~~~~~~~~[m[K
[0.213s] [01m[K/home/pietro/Scrivania/TESI/ROS2/MoCap/Ros2MoCap/src/mocap/src/MoCap.cpp:21:6:[m[K [01;31m[Kerror: [m[Kno declaration matches â€˜[01m[Kvoid MoCap::sendRigidBodyMessage(sRigidBodyData*, int)[m[Kâ€™
[0.213s]    21 | void [01;31m[KMoCap[m[K::sendRigidBodyMessage(sRigidBodyData* bodies, int nRigidBodies)
[0.213s]       |      [01;31m[K^~~~~[m[K
[0.213s] In file included from [01m[K/home/pietro/Scrivania/TESI/ROS2/MoCap/Ros2MoCap/src/mocap/src/MoCap.cpp:2[m[K:
[0.213s] [01m[K/home/pietro/Scrivania/TESI/ROS2/MoCap/Ros2MoCap/src/mocap/include/MoCap/MoCap.h:18:10:[m[K [01;36m[Knote: [m[Kcandidate is: â€˜[01m[Kvoid MoCap::sendRigidBodyMessage(int*, int)[m[Kâ€™
[0.213s]    18 |     void [01;36m[KsendRigidBodyMessage[m[K(sRigidBodyData* bodies, int nRigidBodies);
[0.213s]       |          [01;36m[K^~~~~~~~~~~~~~~~~~~~[m[K
[0.213s] [01m[K/home/pietro/Scrivania/TESI/ROS2/MoCap/Ros2MoCap/src/mocap/include/MoCap/MoCap.h:7:7:[m[K [01;36m[Knote: [m[Kâ€˜[01m[Kclass MoCap[m[Kâ€™ defined here
[0.213s]     7 | class [01;36m[KMoCap[m[K
[0.213s]       |       [01;36m[K^~~~~[m[K
[0.215s] [01m[K/home/pietro/Scrivania/TESI/ROS2/MoCap/Ros2MoCap/src/mocap/src/MoCapNatNetClient.cpp:[m[K In function â€˜[01m[Kvoid dataFrameHandler(sFrameOfMocapData*, void*)[m[Kâ€™:
[0.215s] [01m[K/home/pietro/Scrivania/TESI/ROS2/MoCap/Ros2MoCap/src/mocap/src/MoCapNatNetClient.cpp:228:10:[m[K [01;35m[Kwarning: [m[Kvariable â€˜[01m[KbOccluded[m[Kâ€™ set but not used [[01;35m[K-Wunused-but-set-variable[m[K]
[0.215s]   228 |     bool [01;35m[KbOccluded[m[K;     // marker was not visible (occluded) in this frame
[0.215s]       |          [01;35m[K^~~~~~~~~[m[K
[0.215s] [01m[K/home/pietro/Scrivania/TESI/ROS2/MoCap/Ros2MoCap/src/mocap/src/MoCapNatNetClient.cpp:229:10:[m[K [01;35m[Kwarning: [m[Kvariable â€˜[01m[KbPCSolved[m[Kâ€™ set but not used [[01;35m[K-Wunused-but-set-variable[m[K]
[0.215s]   229 |     bool [01;35m[KbPCSolved[m[K;     // reported position provided by point cloud solve
[0.215s]       |          [01;35m[K^~~~~~~~~[m[K
[0.215s] [01m[K/home/pietro/Scrivania/TESI/ROS2/MoCap/Ros2MoCap/src/mocap/src/MoCapNatNetClient.cpp:230:10:[m[K [01;35m[Kwarning: [m[Kvariable â€˜[01m[KbModelSolved[m[Kâ€™ set but not used [[01;35m[K-Wunused-but-set-variable[m[K]
[0.215s]   230 |     bool [01;35m[KbModelSolved[m[K;  // reported position provided by model solve
[0.215s]       |          [01;35m[K^~~~~~~~~~~~[m[K
[0.216s] [01m[K/home/pietro/Scrivania/TESI/ROS2/MoCap/Ros2MoCap/src/mocap/src/MoCapNatNetClient.cpp:231:10:[m[K [01;35m[Kwarning: [m[Kvariable â€˜[01m[KbHasModel[m[Kâ€™ set but not used [[01;35m[K-Wunused-but-set-variable[m[K]
[0.216s]   231 |     bool [01;35m[KbHasModel[m[K;     // marker has an associated asset in the data stream
[0.216s]       |          [01;35m[K^~~~~~~~~[m[K
[0.236s] make[2]: *** [CMakeFiles/mocap.dir/build.make:63: CMakeFiles/mocap.dir/src/MoCap.cpp.o] Error 1
[0.236s] make[2]: *** Waiting for unfinished jobs....
[0.267s] make[1]: *** [CMakeFiles/Makefile2:78: CMakeFiles/mocap.dir/all] Error 2
[0.267s] make: *** [Makefile:141: all] Error 2
[0.270s] Invoked command in '/home/pietro/Scrivania/TESI/ROS2/MoCap/Ros2MoCap/build/mocap' returned '2': CMAKE_PREFIX_PATH=/opt/ros/foxy /usr/bin/cmake --build /home/pietro/Scrivania/TESI/ROS2/MoCap/Ros2MoCap/build/mocap -- -j8 -l8
