[35m[1mScanning dependencies of target mocap_pub[0m
[ 33%] [32mBuilding CXX object CMakeFiles/mocap_pub.dir/src/MoCapPublisher.cpp.o[0m
[01m[K/home/pietro/Scrivania/TESI/ROS2/MoCap/Ros2MoCap/src/mocap_pub/src/MoCapPublisher.cpp:[m[K In constructor â€˜[01m[KMoCapPublisher::MoCapPublisher()[m[Kâ€™:
[01m[K/home/pietro/Scrivania/TESI/ROS2/MoCap/Ros2MoCap/src/mocap_pub/src/MoCapPublisher.cpp:15:60:[m[K [01;31m[Kerror: [m[Kclass â€˜[01m[KMoCapPublisher[m[Kâ€™ does not have any field named â€˜[01m[Kcount_[m[Kâ€™
   15 | MoCapPublisher::MoCapPublisher(): Node("mocap_publisher"), [01;31m[Kcount_[m[K(0)
      |                                                            [01;31m[K^~~~~~[m[K
make[2]: *** [CMakeFiles/mocap_pub.dir/build.make:63: CMakeFiles/mocap_pub.dir/src/MoCapPublisher.cpp.o] Error 1
make[1]: *** [CMakeFiles/Makefile2:78: CMakeFiles/mocap_pub.dir/all] Error 2
make: *** [Makefile:141: all] Error 2
