[35m[1mScanning dependencies of target mocap[0m
[ 25%] [32mBuilding CXX object CMakeFiles/mocap.dir/src/MoCapNatNetClient.cpp.o[0m
[01m[K/home/pietro/Scrivania/TESI/ROS2/MoCap/Ros2MoCap/src/mocap/src/MoCapNatNetClient.cpp:[m[K In function â€˜[01m[Kvoid dataFrameHandler(sFrameOfMocapData*, void*)[m[Kâ€™:
[01m[K/home/pietro/Scrivania/TESI/ROS2/MoCap/Ros2MoCap/src/mocap/src/MoCapNatNetClient.cpp:116:58:[m[K [01;35m[Kwarning: [m[Kunused parameter â€˜[01m[Kdata[m[Kâ€™ [[01;35m[K-Wunused-parameter[m[K]
  116 | void NATNET_CALLCONV dataFrameHandler([01;35m[KsFrameOfMocapData* data[m[K, void* pUserData)
      |                                       [01;35m[K~~~~~~~~~~~~~~~~~~~^~~~[m[K
[01m[K/home/pietro/Scrivania/TESI/ROS2/MoCap/Ros2MoCap/src/mocap/src/MoCapNatNetClient.cpp:116:70:[m[K [01;35m[Kwarning: [m[Kunused parameter â€˜[01m[KpUserData[m[Kâ€™ [[01;35m[K-Wunused-parameter[m[K]
  116 | void NATNET_CALLCONV dataFrameHandler(sFrameOfMocapData* data, [01;35m[Kvoid* pUserData[m[K)
      |                                                                [01;35m[K~~~~~~^~~~~~~~~[m[K
[01m[K/home/pietro/Scrivania/TESI/ROS2/MoCap/Ros2MoCap/src/mocap/src/MoCapNatNetClient.cpp:[m[K In member function â€˜[01m[Kvoid MoCapNatNetClient::getDataDescription()[m[Kâ€™:
[01m[K/home/pietro/Scrivania/TESI/ROS2/MoCap/Ros2MoCap/src/mocap/src/MoCapNatNetClient.cpp:125:6:[m[K [01;35m[Kwarning: [m[Kunused variable â€˜[01m[KretCode[m[Kâ€™ [[01;35m[K-Wunused-variable[m[K]
  125 |  int [01;35m[KretCode[m[K;
      |      [01;35m[K^~~~~~~[m[K
[ 50%] [32m[1mLinking CXX executable mocap[0m
/usr/bin/ld: CMakeFiles/mocap.dir/src/MoCapNatNetClient.cpp.o:(.bss+0x0): multiple definition of `g_analogSamplesPerMocapFrame'; CMakeFiles/mocap.dir/src/MoCap.cpp.o:(.bss+0x0): first defined here
collect2: error: ld returned 1 exit status
make[2]: *** [CMakeFiles/mocap.dir/build.make:114: mocap] Error 1
make[1]: *** [CMakeFiles/Makefile2:78: CMakeFiles/mocap.dir/all] Error 2
make: *** [Makefile:141: all] Error 2
