[35m[1mScanning dependencies of target mocap_pub[0m
[ 33%] [32mBuilding CXX object CMakeFiles/mocap_pub.dir/src/MoCapPublisher.cpp.o[0m
[01m[K/home/pietro/Scrivania/TESI/ROS2/MoCap/Ros2MoCap/src/mocap_pub/src/MoCapPublisher.cpp:[m[K In function â€˜[01m[Kint main(int, char**)[m[Kâ€™:
[01m[K/home/pietro/Scrivania/TESI/ROS2/MoCap/Ros2MoCap/src/mocap_pub/src/MoCapPublisher.cpp:75:10:[m[K [01;31m[Kerror: [m[Kâ€˜[01m[KmocapPub[m[Kâ€™ was not declared in this scope
   75 |   delete [01;31m[KmocapPub[m[K.get();
      |          [01;31m[K^~~~~~~~[m[K
make[2]: *** [CMakeFiles/mocap_pub.dir/build.make:63: CMakeFiles/mocap_pub.dir/src/MoCapPublisher.cpp.o] Error 1
make[1]: *** [CMakeFiles/Makefile2:78: CMakeFiles/mocap_pub.dir/all] Error 2
make: *** [Makefile:141: all] Error 2
