[35m[1mScanning dependencies of target mocap_pub[0m
[ 66%] [32mBuilding CXX object CMakeFiles/mocap_pub.dir/src/MoCapPublisher.cpp.o[0m
[ 66%] [32mBuilding CXX object CMakeFiles/mocap_pub.dir/src/MoCapNatNetClient.cpp.o[0m
In file included from [01m[K/home/pietro/Scrivania/TESI/ROS2/MoCap/Ros2MoCap/src/mocap_pub/include/MoCapNatNetClient/MoCapNatNetClient.h:10[m[K,
                 from [01m[K/home/pietro/Scrivania/TESI/ROS2/MoCap/Ros2MoCap/src/mocap_pub/src/MoCapNatNetClient.cpp:3[m[K:
[01m[K/home/pietro/Scrivania/TESI/ROS2/MoCap/Ros2MoCap/src/mocap_pub/include/MoCapPublisher/MoCapPublisher.h:16:46:[m[K [01;31m[Kerror: [m[Kâ€˜[01m[KRigidBodyArray[m[Kâ€™ is not a member of â€˜[01m[Kmocap_interfaces::msg[m[Kâ€™; did you mean â€˜[01m[KRigidBody[m[Kâ€™?
   16 |     rclcpp::Publisher<mocap_interfaces::msg::[01;31m[KRigidBodyArray[m[K>::SharedPtr publisher_;
      |                                              [01;31m[K^~~~~~~~~~~~~~[m[K
      |                                              [32m[KRigidBody[m[K
[01m[K/home/pietro/Scrivania/TESI/ROS2/MoCap/Ros2MoCap/src/mocap_pub/include/MoCapPublisher/MoCapPublisher.h:16:46:[m[K [01;31m[Kerror: [m[Kâ€˜[01m[KRigidBodyArray[m[Kâ€™ is not a member of â€˜[01m[Kmocap_interfaces::msg[m[Kâ€™; did you mean â€˜[01m[KRigidBody[m[Kâ€™?
   16 |     rclcpp::Publisher<mocap_interfaces::msg::[01;31m[KRigidBodyArray[m[K>::SharedPtr publisher_;
      |                                              [01;31m[K^~~~~~~~~~~~~~[m[K
      |                                              [32m[KRigidBody[m[K
[01m[K/home/pietro/Scrivania/TESI/ROS2/MoCap/Ros2MoCap/src/mocap_pub/include/MoCapPublisher/MoCapPublisher.h:16:60:[m[K [01;31m[Kerror: [m[Ktemplate argument 1 is invalid
   16 |     rclcpp::Publisher<mocap_interfaces::msg::RigidBodyArray[01;31m[K>[m[K::SharedPtr publisher_;
      |                                                            [01;31m[K^[m[K
[01m[K/home/pietro/Scrivania/TESI/ROS2/MoCap/Ros2MoCap/src/mocap_pub/include/MoCapPublisher/MoCapPublisher.h:16:63:[m[K [01;31m[Kerror: [m[Kexpected â€˜[01m[K;[m[Kâ€™ at end of member declaration
   16 |     rclcpp::Publisher<mocap_interfaces::msg::RigidBodyArray>::[01;31m[KSharedPtr[m[K publisher_;
      |                                                               [01;31m[K^~~~~~~~~[m[K
      |                                                                        [32m[K;[m[K
In file included from [01m[K/home/pietro/Scrivania/TESI/ROS2/MoCap/Ros2MoCap/src/mocap_pub/src/MoCapPublisher.cpp:2[m[K:
[01m[K/home/pietro/Scrivania/TESI/ROS2/MoCap/Ros2MoCap/src/mocap_pub/include/MoCapPublisher/MoCapPublisher.h:16:46:[m[K [01;31m[Kerror: [m[Kâ€˜[01m[KRigidBodyArray[m[Kâ€™ is not a member of â€˜[01m[Kmocap_interfaces::msg[m[Kâ€™; did you mean â€˜[01m[KRigidBody[m[Kâ€™?
   16 |     rclcpp::Publisher<mocap_interfaces::msg::[01;31m[KRigidBodyArray[m[K>::SharedPtr publisher_;
      |                                              [01;31m[K^~~~~~~~~~~~~~[m[K
      |                                              [32m[KRigidBody[m[K
[01m[K/home/pietro/Scrivania/TESI/ROS2/MoCap/Ros2MoCap/src/mocap_pub/include/MoCapPublisher/MoCapPublisher.h:16:46:[m[K [01;31m[Kerror: [m[Kâ€˜[01m[KRigidBodyArray[m[Kâ€™ is not a member of â€˜[01m[Kmocap_interfaces::msg[m[Kâ€™; did you mean â€˜[01m[KRigidBody[m[Kâ€™?
   16 |     rclcpp::Publisher<mocap_interfaces::msg::[01;31m[KRigidBodyArray[m[K>::SharedPtr publisher_;
      |                                              [01;31m[K^~~~~~~~~~~~~~[m[K
      |                                              [32m[KRigidBody[m[K
[01m[K/home/pietro/Scrivania/TESI/ROS2/MoCap/Ros2MoCap/src/mocap_pub/include/MoCapPublisher/MoCapPublisher.h:16:60:[m[K [01;31m[Kerror: [m[Ktemplate argument 1 is invalid
   16 |     rclcpp::Publisher<mocap_interfaces::msg::RigidBodyArray[01;31m[K>[m[K::SharedPtr publisher_;
      |                                                            [01;31m[K^[m[K
[01m[K/home/pietro/Scrivania/TESI/ROS2/MoCap/Ros2MoCap/src/mocap_pub/include/MoCapPublisher/MoCapPublisher.h:16:63:[m[K [01;31m[Kerror: [m[Kexpected â€˜[01m[K;[m[Kâ€™ at end of member declaration
   16 |    rclcpp::Publisher<mocap_interfaces::msg::RigidBodyArray>::[01;31m[KSharedPtr[m[K publisher_;
      |                                                              [01;31m[K^~~~~~~~~[m[K
      |                                                                       [32m[K;[m[K
[01m[K/home/pietro/Scrivania/TESI/ROS2/MoCap/Ros2MoCap/src/mocap_pub/include/MoCapPublisher/MoCapPublisher.h:16:73:[m[K [01;31m[Kerror: [m[Kâ€˜[01m[Kpublisher_[m[Kâ€™ does not name a type; did you mean â€˜[01m[Krcl_publisher_t[m[Kâ€™?
   16 |     rclcpp::Publisher<mocap_interfaces::msg::RigidBodyArray>::SharedPtr [01;31m[Kpublisher_[m[K;
      |                                                                         [01;31m[K^~~~~~~~~~[m[K
      |                                                                         [32m[Krcl_publisher_t[m[K
[01m[K/home/pietro/Scrivania/TESI/ROS2/MoCap/Ros2MoCap/src/mocap_pub/include/MoCapPublisher/MoCapPublisher.h:16:73:[m[K [01;31m[Kerror: [m[Kâ€˜[01m[Kpublisher_[m[Kâ€™ does not name a type; did you mean â€˜[01m[Krcl_publisher_t[m[Kâ€™?
   16 | rclcpp::Publisher<mocap_interfaces::msg::RigidBodyArray>::SharedPtr [01;31m[Kpublisher_[m[K;
      |                                                                     [01;31m[K^~~~~~~~~~[m[K
      |                                                                     [32m[Krcl_publisher_t[m[K
[01m[K/home/pietro/Scrivania/TESI/ROS2/MoCap/Ros2MoCap/src/mocap_pub/src/MoCapPublisher.cpp:[m[K In constructor â€˜[01m[KMoCapPublisher::MoCapPublisher()[m[Kâ€™:
[01m[K/home/pietro/Scrivania/TESI/ROS2/MoCap/Ros2MoCap/src/mocap_pub/src/MoCapPublisher.cpp:17:9:[m[K [01;31m[Kerror: [m[Kâ€˜[01m[Kclass MoCapPublisher[m[Kâ€™ has no member named â€˜[01m[Kpublisher_[m[Kâ€™
   17 |   this->[01;31m[Kpublisher_[m[K = this->create_publisher<mocap_interfaces::msg::RigidBodyArray>("topic", 10);
      |         [01;31m[K^~~~~~~~~~[m[K
[01m[K/home/pietro/Scrivania/TESI/ROS2/MoCap/Ros2MoCap/src/mocap_pub/src/MoCapPublisher.cpp:17:68:[m[K [01;31m[Kerror: [m[Kâ€˜[01m[KRigidBodyArray[m[Kâ€™ is not a member of â€˜[01m[Kmocap_interfaces::msg[m[Kâ€™; did you mean â€˜[01m[KRigidBody[m[Kâ€™?
   17 | ->publisher_ = this->create_publisher<mocap_interfaces::msg::[01;31m[KRigidBodyArray[m[K>("topic", 10);
      |                                                              [01;31m[K^~~~~~~~~~~~~~[m[K
      |                                                              [32m[KRigidBody[m[K
[01m[K/home/pietro/Scrivania/TESI/ROS2/MoCap/Ros2MoCap/src/mocap_pub/src/MoCapPublisher.cpp:17:68:[m[K [01;31m[Kerror: [m[Kâ€˜[01m[KRigidBodyArray[m[Kâ€™ is not a member of â€˜[01m[Kmocap_interfaces::msg[m[Kâ€™; did you mean â€˜[01m[KRigidBody[m[Kâ€™?
   17 | ->publisher_ = this->create_publisher<mocap_interfaces::msg::[01;31m[KRigidBodyArray[m[K>("topic", 10);
      |                                                              [01;31m[K^~~~~~~~~~~~~~[m[K
      |                                                              [32m[KRigidBody[m[K
[01m[K/home/pietro/Scrivania/TESI/ROS2/MoCap/Ros2MoCap/src/mocap_pub/src/MoCapPublisher.cpp:17:95:[m[K [01;31m[Kerror: [m[Kno matching function for call to â€˜[01m[KMoCapPublisher::create_publisher<<expression error> >(const char [6], int)[m[Kâ€™
   17 | _publisher<mocap_interfaces::msg::RigidBodyArray>("topic", 10[01;31m[K)[m[K;
      |                                                              [01;31m[K^[m[K

In file included from [01m[K/opt/ros/foxy/include/rclcpp/executors/single_threaded_executor.hpp:28[m[K,
                 from [01m[K/opt/ros/foxy/include/rclcpp/executors.hpp:22[m[K,
                 from [01m[K/opt/ros/foxy/include/rclcpp/rclcpp.hpp:146[m[K,
                 from [01m[K/home/pietro/Scrivania/TESI/ROS2/MoCap/Ros2MoCap/src/mocap_pub/include/MoCapPublisher/MoCapPublisher.h:7[m[K,
                 from [01m[K/home/pietro/Scrivania/TESI/ROS2/MoCap/Ros2MoCap/src/mocap_pub/src/MoCapPublisher.cpp:2[m[K:
[01m[K/opt/ros/foxy/include/rclcpp/node.hpp:184:3:[m[K [01;36m[Knote: [m[Kcandidate: â€˜[01m[Ktemplate<class MessageT, class AllocatorT, class PublisherT> std::shared_ptr<PublisherT> rclcpp::Node::create_publisher(const string&, const rclcpp::QoS&, const rclcpp::PublisherOptionsWithAllocator<AllocatorT>&)[m[Kâ€™
  184 |   [01;36m[Kcreate_publisher[m[K(
      |   [01;36m[K^~~~~~~~~~~~~~~~[m[K
[01m[K/opt/ros/foxy/include/rclcpp/node.hpp:184:3:[m[K [01;36m[Knote: [m[K  template argument deduction/substitution failed:
[01m[K/home/pietro/Scrivania/TESI/ROS2/MoCap/Ros2MoCap/src/mocap_pub/src/MoCapPublisher.cpp:17:95:[m[K [01;31m[Kerror: [m[Ktemplate argument 1 is invalid
   17 | _publisher<mocap_interfaces::msg::RigidBodyArray>("topic", 10[01;31m[K)[m[K;
      |                                                              [01;31m[K^[m[K

make[2]: *** [CMakeFiles/mocap_pub.dir/build.make:76: CMakeFiles/mocap_pub.dir/src/MoCapNatNetClient.cpp.o] Error 1
make[2]: *** Waiting for unfinished jobs....
make[2]: *** [CMakeFiles/mocap_pub.dir/build.make:63: CMakeFiles/mocap_pub.dir/src/MoCapPublisher.cpp.o] Error 1
make[1]: *** [CMakeFiles/Makefile2:78: CMakeFiles/mocap_pub.dir/all] Error 2
make: *** [Makefile:141: all] Error 2
