[0.014s] Invoking command in '/home/pietro/Scrivania/TESI/ROS2/MoCap/Ros2MoCap/build/mocap_pub': CMAKE_PREFIX_PATH=/home/pietro/Scrivania/TESI/ROS2/MoCap/Ros2MoCap/install/mocap_interfaces:/home/pietro/Scrivania/TESI/ROS2/MoCap/Ros2MoCap/install/mocap_pub:/opt/ros/foxy /usr/bin/cmake --build /home/pietro/Scrivania/TESI/ROS2/MoCap/Ros2MoCap/build/mocap_pub -- -j8 -l8
[0.048s] [35m[1mScanning dependencies of target mocap_pub[0m
[0.076s] [ 66%] [32mBuilding CXX object CMakeFiles/mocap_pub.dir/src/MoCapPublisher.cpp.o[0m
[0.076s] [ 66%] [32mBuilding CXX object CMakeFiles/mocap_pub.dir/src/MoCapNatNetClient.cpp.o[0m
[1.159s] In file included from [01m[K/home/pietro/Scrivania/TESI/ROS2/MoCap/Ros2MoCap/src/mocap_pub/include/MoCapNatNetClient/MoCapNatNetClient.h:10[m[K,
[1.159s]                  from [01m[K/home/pietro/Scrivania/TESI/ROS2/MoCap/Ros2MoCap/src/mocap_pub/src/MoCapNatNetClient.cpp:3[m[K:
[1.159s] [01m[K/home/pietro/Scrivania/TESI/ROS2/MoCap/Ros2MoCap/src/mocap_pub/include/MoCapPublisher/MoCapPublisher.h:16:46:[m[K [01;31m[Kerror: [m[Kâ€˜[01m[KRigidBodyArray[m[Kâ€™ is not a member of â€˜[01m[Kmocap_interfaces::msg[m[Kâ€™; did you mean â€˜[01m[KRigidBody[m[Kâ€™?
[1.159s]    16 |     rclcpp::Publisher<mocap_interfaces::msg::[01;31m[KRigidBodyArray[m[K>::SharedPtr publisher_;
[1.159s]       |                                              [01;31m[K^~~~~~~~~~~~~~[m[K
[1.159s]       |                                              [32m[KRigidBody[m[K
[1.159s] [01m[K/home/pietro/Scrivania/TESI/ROS2/MoCap/Ros2MoCap/src/mocap_pub/include/MoCapPublisher/MoCapPublisher.h:16:46:[m[K [01;31m[Kerror: [m[Kâ€˜[01m[KRigidBodyArray[m[Kâ€™ is not a member of â€˜[01m[Kmocap_interfaces::msg[m[Kâ€™; did you mean â€˜[01m[KRigidBody[m[Kâ€™?
[1.159s]    16 |     rclcpp::Publisher<mocap_interfaces::msg::[01;31m[KRigidBodyArray[m[K>::SharedPtr publisher_;
[1.159s]       |                                              [01;31m[K^~~~~~~~~~~~~~[m[K
[1.159s]       |                                              [32m[KRigidBody[m[K
[1.159s] [01m[K/home/pietro/Scrivania/TESI/ROS2/MoCap/Ros2MoCap/src/mocap_pub/include/MoCapPublisher/MoCapPublisher.h:16:60:[m[K [01;31m[Kerror: [m[Ktemplate argument 1 is invalid
[1.159s]    16 |     rclcpp::Publisher<mocap_interfaces::msg::RigidBodyArray[01;31m[K>[m[K::SharedPtr publisher_;
[1.160s]       |                                                            [01;31m[K^[m[K
[1.160s] [01m[K/home/pietro/Scrivania/TESI/ROS2/MoCap/Ros2MoCap/src/mocap_pub/include/MoCapPublisher/MoCapPublisher.h:16:63:[m[K [01;31m[Kerror: [m[Kexpected â€˜[01m[K;[m[Kâ€™ at end of member declaration
[1.160s]    16 |     rclcpp::Publisher<mocap_interfaces::msg::RigidBodyArray>::[01;31m[KSharedPtr[m[K publisher_;
[1.160s]       |                                                               [01;31m[K^~~~~~~~~[m[K
[1.160s]       |                                                                        [32m[K;[m[K
[1.160s] In file included from [01m[K/home/pietro/Scrivania/TESI/ROS2/MoCap/Ros2MoCap/src/mocap_pub/src/MoCapPublisher.cpp:2[m[K:
[1.160s] [01m[K/home/pietro/Scrivania/TESI/ROS2/MoCap/Ros2MoCap/src/mocap_pub/include/MoCapPublisher/MoCapPublisher.h:16:46:[m[K [01;31m[Kerror: [m[Kâ€˜[01m[KRigidBodyArray[m[Kâ€™ is not a member of â€˜[01m[Kmocap_interfaces::msg[m[Kâ€™; did you mean â€˜[01m[KRigidBody[m[Kâ€™?
[1.160s]    16 |     rclcpp::Publisher<mocap_interfaces::msg::[01;31m[KRigidBodyArray[m[K>::SharedPtr publisher_;
[1.160s]       |                                              [01;31m[K^~~~~~~~~~~~~~[m[K
[1.160s]       |                                              [32m[KRigidBody[m[K
[1.160s] [01m[K/home/pietro/Scrivania/TESI/ROS2/MoCap/Ros2MoCap/src/mocap_pub/include/MoCapPublisher/MoCapPublisher.h:16:46:[m[K [01;31m[Kerror: [m[Kâ€˜[01m[KRigidBodyArray[m[Kâ€™ is not a member of â€˜[01m[Kmocap_interfaces::msg[m[Kâ€™; did you mean â€˜[01m[KRigidBody[m[Kâ€™?
[1.161s]    16 |     rclcpp::Publisher<mocap_interfaces::msg::[01;31m[KRigidBodyArray[m[K>::SharedPtr publisher_;
[1.161s]       |                                              [01;31m[K^~~~~~~~~~~~~~[m[K
[1.161s]       |                                              [32m[KRigidBody[m[K
[1.161s] [01m[K/home/pietro/Scrivania/TESI/ROS2/MoCap/Ros2MoCap/src/mocap_pub/include/MoCapPublisher/MoCapPublisher.h:16:60:[m[K [01;31m[Kerror: [m[Ktemplate argument 1 is invalid
[1.161s]    16 |     rclcpp::Publisher<mocap_interfaces::msg::RigidBodyArray[01;31m[K>[m[K::SharedPtr publisher_;
[1.161s]       |                                                            [01;31m[K^[m[K
[1.161s] [01m[K/home/pietro/Scrivania/TESI/ROS2/MoCap/Ros2MoCap/src/mocap_pub/include/MoCapPublisher/MoCapPublisher.h:16:63:[m[K [01;31m[Kerror: [m[Kexpected â€˜[01m[K;[m[Kâ€™ at end of member declaration
[1.161s]    16 |    rclcpp::Publisher<mocap_interfaces::msg::RigidBodyArray>::[01;31m[KSharedPtr[m[K publisher_;
[1.161s]       |                                                              [01;31m[K^~~~~~~~~[m[K
[1.161s]       |                                                                       [32m[K;[m[K
[1.161s] [01m[K/home/pietro/Scrivania/TESI/ROS2/MoCap/Ros2MoCap/src/mocap_pub/include/MoCapPublisher/MoCapPublisher.h:16:73:[m[K [01;31m[Kerror: [m[Kâ€˜[01m[Kpublisher_[m[Kâ€™ does not name a type; did you mean â€˜[01m[Krcl_publisher_t[m[Kâ€™?
[1.162s]    16 |     rclcpp::Publisher<mocap_interfaces::msg::RigidBodyArray>::SharedPtr [01;31m[Kpublisher_[m[K;
[1.162s]       |                                                                         [01;31m[K^~~~~~~~~~[m[K
[1.162s]       |                                                                         [32m[Krcl_publisher_t[m[K
[1.163s] [01m[K/home/pietro/Scrivania/TESI/ROS2/MoCap/Ros2MoCap/src/mocap_pub/include/MoCapPublisher/MoCapPublisher.h:16:73:[m[K [01;31m[Kerror: [m[Kâ€˜[01m[Kpublisher_[m[Kâ€™ does not name a type; did you mean â€˜[01m[Krcl_publisher_t[m[Kâ€™?
[1.164s]    16 | rclcpp::Publisher<mocap_interfaces::msg::RigidBodyArray>::SharedPtr [01;31m[Kpublisher_[m[K;
[1.164s]       |                                                                     [01;31m[K^~~~~~~~~~[m[K
[1.164s]       |                                                                     [32m[Krcl_publisher_t[m[K
[1.167s] [01m[K/home/pietro/Scrivania/TESI/ROS2/MoCap/Ros2MoCap/src/mocap_pub/src/MoCapPublisher.cpp:[m[K In constructor â€˜[01m[KMoCapPublisher::MoCapPublisher()[m[Kâ€™:
[1.167s] [01m[K/home/pietro/Scrivania/TESI/ROS2/MoCap/Ros2MoCap/src/mocap_pub/src/MoCapPublisher.cpp:17:9:[m[K [01;31m[Kerror: [m[Kâ€˜[01m[Kclass MoCapPublisher[m[Kâ€™ has no member named â€˜[01m[Kpublisher_[m[Kâ€™
[1.167s]    17 |   this->[01;31m[Kpublisher_[m[K = this->create_publisher<mocap_interfaces::msg::RigidBodyArray>("topic", 10);
[1.167s]       |         [01;31m[K^~~~~~~~~~[m[K
[1.167s] [01m[K/home/pietro/Scrivania/TESI/ROS2/MoCap/Ros2MoCap/src/mocap_pub/src/MoCapPublisher.cpp:17:68:[m[K [01;31m[Kerror: [m[Kâ€˜[01m[KRigidBodyArray[m[Kâ€™ is not a member of â€˜[01m[Kmocap_interfaces::msg[m[Kâ€™; did you mean â€˜[01m[KRigidBody[m[Kâ€™?
[1.167s]    17 | ->publisher_ = this->create_publisher<mocap_interfaces::msg::[01;31m[KRigidBodyArray[m[K>("topic", 10);
[1.167s]       |                                                              [01;31m[K^~~~~~~~~~~~~~[m[K
[1.167s]       |                                                              [32m[KRigidBody[m[K
[1.167s] [01m[K/home/pietro/Scrivania/TESI/ROS2/MoCap/Ros2MoCap/src/mocap_pub/src/MoCapPublisher.cpp:17:68:[m[K [01;31m[Kerror: [m[Kâ€˜[01m[KRigidBodyArray[m[Kâ€™ is not a member of â€˜[01m[Kmocap_interfaces::msg[m[Kâ€™; did you mean â€˜[01m[KRigidBody[m[Kâ€™?
[1.167s]    17 | ->publisher_ = this->create_publisher<mocap_interfaces::msg::[01;31m[KRigidBodyArray[m[K>("topic", 10);
[1.167s]       |                                                              [01;31m[K^~~~~~~~~~~~~~[m[K
[1.167s]       |                                                              [32m[KRigidBody[m[K
[1.167s] [01m[K/home/pietro/Scrivania/TESI/ROS2/MoCap/Ros2MoCap/src/mocap_pub/src/MoCapPublisher.cpp:17:95:[m[K [01;31m[Kerror: [m[Kno matching function for call to â€˜[01m[KMoCapPublisher::create_publisher<<expression error> >(const char [6], int)[m[Kâ€™
[1.168s]    17 | _publisher<mocap_interfaces::msg::RigidBodyArray>("topic", 10[01;31m[K)[m[K;
[1.168s]       |                                                              [01;31m[K^[m[K
[1.168s] 
[1.168s] In file included from [01m[K/opt/ros/foxy/include/rclcpp/executors/single_threaded_executor.hpp:28[m[K,
[1.168s]                  from [01m[K/opt/ros/foxy/include/rclcpp/executors.hpp:22[m[K,
[1.168s]                  from [01m[K/opt/ros/foxy/include/rclcpp/rclcpp.hpp:146[m[K,
[1.168s]                  from [01m[K/home/pietro/Scrivania/TESI/ROS2/MoCap/Ros2MoCap/src/mocap_pub/include/MoCapPublisher/MoCapPublisher.h:7[m[K,
[1.168s]                  from [01m[K/home/pietro/Scrivania/TESI/ROS2/MoCap/Ros2MoCap/src/mocap_pub/src/MoCapPublisher.cpp:2[m[K:
[1.168s] [01m[K/opt/ros/foxy/include/rclcpp/node.hpp:184:3:[m[K [01;36m[Knote: [m[Kcandidate: â€˜[01m[Ktemplate<class MessageT, class AllocatorT, class PublisherT> std::shared_ptr<PublisherT> rclcpp::Node::create_publisher(const string&, const rclcpp::QoS&, const rclcpp::PublisherOptionsWithAllocator<AllocatorT>&)[m[Kâ€™
[1.168s]   184 |   [01;36m[Kcreate_publisher[m[K(
[1.168s]       |   [01;36m[K^~~~~~~~~~~~~~~~[m[K
[1.168s] [01m[K/opt/ros/foxy/include/rclcpp/node.hpp:184:3:[m[K [01;36m[Knote: [m[K  template argument deduction/substitution failed:
[1.168s] [01m[K/home/pietro/Scrivania/TESI/ROS2/MoCap/Ros2MoCap/src/mocap_pub/src/MoCapPublisher.cpp:17:95:[m[K [01;31m[Kerror: [m[Ktemplate argument 1 is invalid
[1.168s]    17 | _publisher<mocap_interfaces::msg::RigidBodyArray>("topic", 10[01;31m[K)[m[K;
[1.168s]       |                                                              [01;31m[K^[m[K
[1.168s] 
[1.452s] make[2]: *** [CMakeFiles/mocap_pub.dir/build.make:76: CMakeFiles/mocap_pub.dir/src/MoCapNatNetClient.cpp.o] Error 1
[1.453s] make[2]: *** Waiting for unfinished jobs....
[1.466s] make[2]: *** [CMakeFiles/mocap_pub.dir/build.make:63: CMakeFiles/mocap_pub.dir/src/MoCapPublisher.cpp.o] Error 1
[1.467s] make[1]: *** [CMakeFiles/Makefile2:78: CMakeFiles/mocap_pub.dir/all] Error 2
[1.467s] make: *** [Makefile:141: all] Error 2
[1.468s] Invoked command in '/home/pietro/Scrivania/TESI/ROS2/MoCap/Ros2MoCap/build/mocap_pub' returned '2': CMAKE_PREFIX_PATH=/home/pietro/Scrivania/TESI/ROS2/MoCap/Ros2MoCap/install/mocap_interfaces:/home/pietro/Scrivania/TESI/ROS2/MoCap/Ros2MoCap/install/mocap_pub:/opt/ros/foxy /usr/bin/cmake --build /home/pietro/Scrivania/TESI/ROS2/MoCap/Ros2MoCap/build/mocap_pub -- -j8 -l8
