[0.012s] Invoking command in '/home/pietro/Scrivania/TESI/ROS2/MoCap/Ros2MoCap/build/mocap': CMAKE_PREFIX_PATH=/opt/ros/foxy /usr/bin/cmake --build /home/pietro/Scrivania/TESI/ROS2/MoCap/Ros2MoCap/build/mocap -- -j8 -l8
[0.040s] [35m[1mScanning dependencies of target mocap[0m
[0.049s] [ 66%] [32mBuilding CXX object CMakeFiles/mocap.dir/src/MoCap.cpp.o[0m
[0.049s] [ 66%] [32mBuilding CXX object CMakeFiles/mocap.dir/src/MoCapNatNetClient.cpp.o[0m
[0.203s] In file included from [01m[K/home/pietro/Scrivania/TESI/ROS2/MoCap/Ros2MoCap/src/mocap/src/MoCapNatNetClient.cpp:3[m[K:
[0.203s] [01m[K/home/pietro/Scrivania/TESI/ROS2/MoCap/Ros2MoCap/src/mocap/include/MoCapNatNetClient/MoCapNatNetClient.h:42:51:[m[K [01;31m[Kerror: [m[Kexpected â€˜[01m[K;[m[Kâ€™ at end of member declaration
[0.204s]    42 |     void processSkeleton(sSkeletonDescription* pSK[01;31m[K)[m[K
[0.204s]       |                                                   [01;31m[K^[m[K
[0.204s]       |                                                    [32m[K;[m[K
[0.204s] In file included from [01m[K/home/pietro/Scrivania/TESI/ROS2/MoCap/Ros2MoCap/src/mocap/src/MoCap.cpp:10[m[K:
[0.204s] [01m[K/home/pietro/Scrivania/TESI/ROS2/MoCap/Ros2MoCap/src/mocap/include/MoCapNatNetClient/MoCapNatNetClient.h:42:51:[m[K [01;31m[Kerror: [m[Kexpected â€˜[01m[K;[m[Kâ€™ at end of member declaration
[0.204s]    42 |     void processSkeleton(sSkeletonDescription* pSK[01;31m[K)[m[K
[0.204s]       |                                                   [01;31m[K^[m[K
[0.204s]       |                                                    [32m[K;[m[K
[0.208s] [01m[K/home/pietro/Scrivania/TESI/ROS2/MoCap/Ros2MoCap/src/mocap/src/MoCapNatNetClient.cpp:[m[K In member function â€˜[01m[Kvoid MoCapNatNetClient::getDataDescription()[m[Kâ€™:
[0.208s] [01m[K/home/pietro/Scrivania/TESI/ROS2/MoCap/Ros2MoCap/src/mocap/src/MoCapNatNetClient.cpp:326:11:[m[K [01;35m[Kwarning: [m[Kunused variable â€˜[01m[Kresponse[m[Kâ€™ [[01;35m[K-Wunused-variable[m[K]
[0.208s]   326 |     void* [01;35m[Kresponse[m[K;
[0.208s]       |           [01;35m[K^~~~~~~~[m[K
[0.208s] [01m[K/home/pietro/Scrivania/TESI/ROS2/MoCap/Ros2MoCap/src/mocap/src/MoCapNatNetClient.cpp:327:6:[m[K [01;35m[Kwarning: [m[Kunused variable â€˜[01m[KretCode[m[Kâ€™ [[01;35m[K-Wunused-variable[m[K]
[0.208s]   327 |  int [01;35m[KretCode[m[K;
[0.208s]       |      [01;35m[K^~~~~~~[m[K
[0.208s] [01m[K/home/pietro/Scrivania/TESI/ROS2/MoCap/Ros2MoCap/src/mocap/src/MoCapNatNetClient.cpp:328:9:[m[K [01;35m[Kwarning: [m[Kunused variable â€˜[01m[KnBytes[m[Kâ€™ [[01;35m[K-Wunused-variable[m[K]
[0.208s]   328 |     int [01;35m[KnBytes[m[K = 0;
[0.208s]       |         [01;35m[K^~~~~~[m[K
[0.208s] [01m[K/home/pietro/Scrivania/TESI/ROS2/MoCap/Ros2MoCap/src/mocap/src/MoCapNatNetClient.cpp:329:15:[m[K [01;35m[Kwarning: [m[Kunused variable â€˜[01m[Kret[m[Kâ€™ [[01;35m[K-Wunused-variable[m[K]
[0.208s]   329 |     ErrorCode [01;35m[Kret[m[K = ErrorCode_OK;
[0.208s]       |               [01;35m[K^~~[m[K
[0.228s] make[2]: *** [CMakeFiles/mocap.dir/build.make:63: CMakeFiles/mocap.dir/src/MoCap.cpp.o] Error 1
[0.228s] make[2]: *** Waiting for unfinished jobs....
[0.236s] make[2]: *** [CMakeFiles/mocap.dir/build.make:76: CMakeFiles/mocap.dir/src/MoCapNatNetClient.cpp.o] Error 1
[0.236s] make[1]: *** [CMakeFiles/Makefile2:78: CMakeFiles/mocap.dir/all] Error 2
[0.236s] make: *** [Makefile:141: all] Error 2
[0.238s] Invoked command in '/home/pietro/Scrivania/TESI/ROS2/MoCap/Ros2MoCap/build/mocap' returned '2': CMAKE_PREFIX_PATH=/opt/ros/foxy /usr/bin/cmake --build /home/pietro/Scrivania/TESI/ROS2/MoCap/Ros2MoCap/build/mocap -- -j8 -l8
