-- Found ament_cmake: 0.9.8 (/opt/ros/foxy/share/ament_cmake/cmake)
-- Using PYTHON_EXECUTABLE: /usr/bin/python3
-- Configuring done
-- Generating done
-- Build files have been written to: /home/pietro/Scrivania/TESI/ROS2/MoCap/Ros2MoCap/build/mocap
[ 50%] [32m[1mLinking CXX executable mocap[0m
/usr/bin/ld: cannot find -lNatNet
collect2: error: ld returned 1 exit status
make[2]: *** [CMakeFiles/mocap.dir/build.make:84: mocap] Error 1
make[1]: *** [CMakeFiles/Makefile2:78: CMakeFiles/mocap.dir/all] Error 2
make: *** [Makefile:141: all] Error 2
