[0.014s] Invoking command in '/home/pietro/Scrivania/TESI/ROS2/MoCap/Ros2MoCap/build/mocap': CMAKE_PREFIX_PATH=/opt/ros/foxy /usr/bin/cmake --build /home/pietro/Scrivania/TESI/ROS2/MoCap/Ros2MoCap/build/mocap -- -j8 -l8
[0.035s] -- Found ament_cmake: 0.9.8 (/opt/ros/foxy/share/ament_cmake/cmake)
[0.052s] -- Using PYTHON_EXECUTABLE: /usr/bin/python3
[0.232s] -- Configuring done
[0.235s] -- Generating done
[0.236s] -- Build files have been written to: /home/pietro/Scrivania/TESI/ROS2/MoCap/Ros2MoCap/build/mocap
[0.253s] [35m[1mScanning dependencies of target mocap[0m
[0.261s] [ 75%] [32mBuilding CXX object CMakeFiles/mocap.dir/src/MoCapNatNetClient.cpp.o[0m
[0.261s] [ 75%] [32mBuilding CXX object CMakeFiles/mocap.dir/src/MessageParser.cpp.o[0m
[0.261s] [ 75%] [32mBuilding CXX object CMakeFiles/mocap.dir/src/MoCap.cpp.o[0m
[0.271s] [01m[K/home/pietro/Scrivania/TESI/ROS2/MoCap/Ros2MoCap/src/mocap/src/MoCap.cpp:16:10:[m[K [01;31m[Kfatal error: [m[Klibconfig.h++: No such file or directory
[0.271s]    16 | #include [01;31m[K<libconfig.h++>[m[K
[0.271s]       |          [01;31m[K^~~~~~~~~~~~~~~[m[K
[0.271s] compilation terminated.
[0.272s] make[2]: *** [CMakeFiles/mocap.dir/build.make:63: CMakeFiles/mocap.dir/src/MoCap.cpp.o] Error 1
[0.272s] make[2]: *** Waiting for unfinished jobs....
[0.281s] make[1]: *** [CMakeFiles/Makefile2:78: CMakeFiles/mocap.dir/all] Error 2
[0.281s] make: *** [Makefile:141: all] Error 2
[0.283s] Invoked command in '/home/pietro/Scrivania/TESI/ROS2/MoCap/Ros2MoCap/build/mocap' returned '2': CMAKE_PREFIX_PATH=/opt/ros/foxy /usr/bin/cmake --build /home/pietro/Scrivania/TESI/ROS2/MoCap/Ros2MoCap/build/mocap -- -j8 -l8
