[0.012s] Invoking command in '/home/pietro/Scrivania/TESI/ROS2/MoCap/Ros2MoCap/build/mocap_pub': CMAKE_PREFIX_PATH=/home/pietro/Scrivania/TESI/ROS2/MoCap/Ros2MoCap/install/mocap_interfaces:/home/pietro/Scrivania/TESI/ROS2/MoCap/Ros2MoCap/install/mocap_pub:/opt/ros/foxy /usr/bin/cmake --build /home/pietro/Scrivania/TESI/ROS2/MoCap/Ros2MoCap/build/mocap_pub -- -j8 -l8
[0.048s] [35m[1mScanning dependencies of target mocap_pub[0m
[0.074s] [ 33%] [32mBuilding CXX object CMakeFiles/mocap_pub.dir/src/MoCapPublisher.cpp.o[0m
[1.041s] [01m[K/home/pietro/Scrivania/TESI/ROS2/MoCap/Ros2MoCap/src/mocap_pub/src/MoCapPublisher.cpp:[m[K In member function â€˜[01m[Kvoid MoCapPublisher::sendRigidBodyMessage(sRigidBodyData*, int)[m[Kâ€™:
[1.041s] [01m[K/home/pietro/Scrivania/TESI/ROS2/MoCap/Ros2MoCap/src/mocap_pub/src/MoCapPublisher.cpp:54:7:[m[K [01;31m[Kerror: [m[Kâ€˜[01m[Kusing RigidBodyArray = struct mocap_interfaces::msg::RigidBodyArray_<std::allocator<void> >[m[Kâ€™ {aka â€˜[01m[Kstruct mocap_interfaces::msg::RigidBodyArray_<std::allocator<void> >[m[Kâ€™} has no member named â€˜[01m[Kpush_back[m[Kâ€™
[1.041s]    54 |   msg.[01;31m[Kpush_back[m[K(rb);
[1.041s]       |       [01;31m[K^~~~~~~~~[m[K
[1.645s] make[2]: *** [CMakeFiles/mocap_pub.dir/build.make:63: CMakeFiles/mocap_pub.dir/src/MoCapPublisher.cpp.o] Error 1
[1.645s] make[1]: *** [CMakeFiles/Makefile2:78: CMakeFiles/mocap_pub.dir/all] Error 2
[1.645s] make: *** [Makefile:141: all] Error 2
[1.647s] Invoked command in '/home/pietro/Scrivania/TESI/ROS2/MoCap/Ros2MoCap/build/mocap_pub' returned '2': CMAKE_PREFIX_PATH=/home/pietro/Scrivania/TESI/ROS2/MoCap/Ros2MoCap/install/mocap_interfaces:/home/pietro/Scrivania/TESI/ROS2/MoCap/Ros2MoCap/install/mocap_pub:/opt/ros/foxy /usr/bin/cmake --build /home/pietro/Scrivania/TESI/ROS2/MoCap/Ros2MoCap/build/mocap_pub -- -j8 -l8
