[0.012s] Invoking command in '/home/pietro/Scrivania/TESI/ROS2/MoCap/Ros2MoCap/build/mocap': CMAKE_PREFIX_PATH=/opt/ros/foxy /usr/bin/cmake --build /home/pietro/Scrivania/TESI/ROS2/MoCap/Ros2MoCap/build/mocap -- -j8 -l8
[0.051s] [ 33%] [32mBuilding CXX object CMakeFiles/mocap.dir/src/MoCap.cpp.o[0m
[0.125s] In file included from [01m[K/home/pietro/Scrivania/TESI/ROS2/MoCap/Ros2MoCap/src/mocap/src/MoCap.cpp:2[m[K:
[0.125s] [01m[K/home/pietro/Scrivania/TESI/ROS2/MoCap/Ros2MoCap/src/mocap/include/MoCap/MoCap.h:18:31:[m[K [01;31m[Kerror: [m[Kâ€˜[01m[KsRigidBodyData[m[Kâ€™ has not been declared
[0.126s]    18 |     void sendRigidBodyMessage([01;31m[KsRigidBodyData[m[K* bodies, int nRigidBodies);
[0.126s]       |                               [01;31m[K^~~~~~~~~~~~~~[m[K
[0.213s] [01m[K/home/pietro/Scrivania/TESI/ROS2/MoCap/Ros2MoCap/src/mocap/src/MoCap.cpp:21:6:[m[K [01;31m[Kerror: [m[Kno declaration matches â€˜[01m[Kvoid MoCap::sendRigidBodyMessage(sRigidBodyData*, int)[m[Kâ€™
[0.214s]    21 | void [01;31m[KMoCap[m[K::sendRigidBodyMessage(sRigidBodyData* bodies, int nRigidBodies)
[0.214s]       |      [01;31m[K^~~~~[m[K
[0.214s] In file included from [01m[K/home/pietro/Scrivania/TESI/ROS2/MoCap/Ros2MoCap/src/mocap/src/MoCap.cpp:2[m[K:
[0.214s] [01m[K/home/pietro/Scrivania/TESI/ROS2/MoCap/Ros2MoCap/src/mocap/include/MoCap/MoCap.h:18:10:[m[K [01;36m[Knote: [m[Kcandidate is: â€˜[01m[Kvoid MoCap::sendRigidBodyMessage(int*, int)[m[Kâ€™
[0.214s]    18 |     void [01;36m[KsendRigidBodyMessage[m[K(sRigidBodyData* bodies, int nRigidBodies);
[0.214s]       |          [01;36m[K^~~~~~~~~~~~~~~~~~~~[m[K
[0.214s] [01m[K/home/pietro/Scrivania/TESI/ROS2/MoCap/Ros2MoCap/src/mocap/include/MoCap/MoCap.h:7:7:[m[K [01;36m[Knote: [m[Kâ€˜[01m[Kclass MoCap[m[Kâ€™ defined here
[0.214s]     7 | class [01;36m[KMoCap[m[K
[0.214s]       |       [01;36m[K^~~~~[m[K
[0.237s] make[2]: *** [CMakeFiles/mocap.dir/build.make:63: CMakeFiles/mocap.dir/src/MoCap.cpp.o] Error 1
[0.238s] make[1]: *** [CMakeFiles/Makefile2:78: CMakeFiles/mocap.dir/all] Error 2
[0.238s] make: *** [Makefile:141: all] Error 2
[0.240s] Invoked command in '/home/pietro/Scrivania/TESI/ROS2/MoCap/Ros2MoCap/build/mocap' returned '2': CMAKE_PREFIX_PATH=/opt/ros/foxy /usr/bin/cmake --build /home/pietro/Scrivania/TESI/ROS2/MoCap/Ros2MoCap/build/mocap -- -j8 -l8
