[0.014s] Invoking command in '/home/pietro/Scrivania/TESI/ROS2/MoCap/Ros2MoCap/build/mocap': CMAKE_PREFIX_PATH=/opt/ros/foxy /usr/bin/cmake --build /home/pietro/Scrivania/TESI/ROS2/MoCap/Ros2MoCap/build/mocap -- -j8 -l8
[0.036s] -- Found ament_cmake: 0.9.8 (/opt/ros/foxy/share/ament_cmake/cmake)
[0.057s] -- Using PYTHON_EXECUTABLE: /usr/bin/python3
[0.234s] -- Configuring done
[0.237s] -- Generating done
[0.238s] -- Build files have been written to: /home/pietro/Scrivania/TESI/ROS2/MoCap/Ros2MoCap/build/mocap
[0.254s] [35m[1mScanning dependencies of target mocap[0m
[0.263s] [ 75%] [32mBuilding CXX object CMakeFiles/mocap.dir/src/MoCapNatNetClient.cpp.o[0m
[0.263s] [ 75%] [32mBuilding CXX object CMakeFiles/mocap.dir/src/MessageParser.cpp.o[0m
[0.264s] [ 75%] [32mBuilding CXX object CMakeFiles/mocap.dir/src/MoCap.cpp.o[0m
[0.293s] [100%] [32m[1mLinking CXX executable mocap[0m
[0.318s] /usr/bin/ld: cannot find -l++
[0.318s] collect2: error: ld returned 1 exit status
[0.319s] make[2]: *** [CMakeFiles/mocap.dir/build.make:114: mocap] Error 1
[0.319s] make[1]: *** [CMakeFiles/Makefile2:78: CMakeFiles/mocap.dir/all] Error 2
[0.320s] make: *** [Makefile:141: all] Error 2
[0.321s] Invoked command in '/home/pietro/Scrivania/TESI/ROS2/MoCap/Ros2MoCap/build/mocap' returned '2': CMAKE_PREFIX_PATH=/opt/ros/foxy /usr/bin/cmake --build /home/pietro/Scrivania/TESI/ROS2/MoCap/Ros2MoCap/build/mocap -- -j8 -l8
